[debug] [2022-08-06T00:10:14.958Z] ----------------------------------------------------------------------
[debug] [2022-08-06T00:10:14.960Z] Command:       /Users/hope/.nvm/versions/node/v18.5.0/bin/node /usr/local/bin/firebase init
[debug] [2022-08-06T00:10:14.961Z] CLI Version:   11.2.0
[debug] [2022-08-06T00:10:14.961Z] Platform:      darwin
[debug] [2022-08-06T00:10:14.961Z] Node Version:  v18.5.0
[debug] [2022-08-06T00:10:14.962Z] Time:          Fri Aug 05 2022 20:10:14 GMT-0400 (Eastern Daylight Time)
[debug] [2022-08-06T00:10:14.962Z] ----------------------------------------------------------------------
[debug] 
[debug] [2022-08-06T00:10:14.964Z] >>> [apiv2][query] GET https://firebase-public.firebaseio.com/cli.json [none]
[debug] [2022-08-06T00:10:15.012Z] > command requires scopes: ["email","openid","https://www.googleapis.com/auth/cloudplatformprojects.readonly","https://www.googleapis.com/auth/firebase","https://www.googleapis.com/auth/cloud-platform"]
[debug] [2022-08-06T00:10:15.012Z] > authorizing via signed-in user (umut475@gmail.com)
[info] 
     ######## #### ########  ######## ########     ###     ######  ########
     ##        ##  ##     ## ##       ##     ##  ##   ##  ##       ##
     ######    ##  ########  ######   ########  #########  ######  ######
     ##        ##  ##    ##  ##       ##     ## ##     ##       ## ##
     ##       #### ##     ## ######## ########  ##     ##  ######  ########

You're about to initialize a Firebase project in this directory:

  /Users/hope/Desktop/Projects/portfolio

[debug] [2022-08-06T00:10:15.159Z] <<< [apiv2][status] GET https://firebase-public.firebaseio.com/cli.json 200
[debug] [2022-08-06T00:10:15.159Z] <<< [apiv2][body] GET https://firebase-public.firebaseio.com/cli.json {"cloudBuildErrorAfter":1594252800000,"cloudBuildWarnAfter":1590019200000,"defaultNode10After":1594252800000,"minVersion":"3.0.5","node8DeploysDisabledAfter":1613390400000,"node8RuntimeDisabledAfter":1615809600000,"node8WarnAfter":1600128000000}
